<?xml version="1.0" encoding="UTF-8"?>
<!-- Generated by org.testng.reporters.JUnitReportReporter -->
<testsuite hostname="DESKTOP-AF33508" failures="0" tests="4" name="testng_attributes.Priority" time="0.013" errors="0" timestamp="2023-11-17T18:49:42 IST" skipped="0">
  <testcase classname="testng_attributes.Priority" name="loginTest" time="0.010"/>
  <testcase classname="testng_attributes.Priority" name="checkoutTest" time="0.001"/>
  <testcase classname="testng_attributes.Priority" name="searchProductTest" time="0.001"/>
  <testcase classname="testng_attributes.Priority" name="addToCartTest" time="0.001"/>
</testsuite> <!-- testng_attributes.Priority -->
